<?xml version="1.0" encoding="UTF-8"?>
<!-- Generated by org.testng.reporters.JUnitReportReporter -->
<testsuite hostname="sudheer-PC" name="Actions.slik_Grid" tests="1" failures="0" timestamp="15 Jul 2015 05:24:11 GMT" time="80.976" errors="0">
  <testcase name="slick" time="80.976" classname="Actions.slik_Grid"/>
</testsuite> <!-- Actions.slik_Grid -->
