<?xml version="1.0" encoding="UTF-8"?>
<!-- Generated by org.testng.reporters.JUnitReportReporter -->
<testsuite hostname="sudheer-PC" name="Io_Stream.OR_2" tests="2" failures="0" timestamp="9 Jul 2015 05:08:20 GMT" time="15.018" errors="0">
  <testcase name="f" time="14.348" classname="Io_Stream.OR_2"/>
  <testcase name="logout" time="0.670" classname="Io_Stream.OR_2"/>
</testsuite> <!-- Io_Stream.OR_2 -->
