<?xml version="1.0" encoding="UTF-8"?>
<!-- Generated by org.testng.reporters.JUnitReportReporter -->
<testsuite hostname="sudheer-PC" name="Datadriven.HMS" tests="1" failures="0" timestamp="4 Aug 2015 12:01:39 GMT" time="48.283" errors="0">
  <testcase name="f" time="48.283" classname="Datadriven.HMS"/>
</testsuite> <!-- Datadriven.HMS -->
