<?xml version="1.0" encoding="UTF-8"?>
<!-- Generated by org.testng.reporters.JUnitReportReporter -->
<testsuite hostname="sudheer-PC" name="wabdriver.sample" tests="1" failures="0" timestamp="23 Jul 2015 12:31:20 GMT" time="4.397" errors="0">
  <testcase name="f" time="4.397" classname="wabdriver.sample"/>
</testsuite> <!-- wabdriver.sample -->
