<?xml version="1.0" encoding="UTF-8"?>
<!-- Generated by org.testng.reporters.JUnitReportReporter -->
<testsuite hostname="sudheer-PC" name="Sikuli.HMS_upload" tests="1" failures="0" timestamp="8 Jul 2015 17:22:26 GMT" time="21.665" errors="0">
  <testcase name="f" time="21.665" classname="Sikuli.HMS_upload"/>
</testsuite> <!-- Sikuli.HMS_upload -->
