<?xml version="1.0" encoding="UTF-8"?>
<!-- Generated by org.testng.reporters.JUnitReportReporter -->
<testsuite hostname="sudheer-PC" name="Io_Stream.IO_Test_1" tests="1" failures="0" timestamp="9 Jul 2015 04:49:56 GMT" time="11.650" errors="0">
  <testcase name="f" time="11.650" classname="Io_Stream.IO_Test_1"/>
</testsuite> <!-- Io_Stream.IO_Test_1 -->
