<?xml version="1.0" encoding="UTF-8"?>
<!-- Generated by org.testng.reporters.JUnitReportReporter -->
<testsuite hostname="sudheer-PC" name="Actions.Yahoo_action" tests="1" failures="0" timestamp="15 Jul 2015 07:22:36 GMT" time="73.225" errors="0">
  <testcase name="yahoo" time="73.225" classname="Actions.Yahoo_action"/>
</testsuite> <!-- Actions.Yahoo_action -->
