<?xml version="1.0" encoding="UTF-8"?>
<!-- Generated by org.testng.reporters.JUnitReportReporter -->
<testsuite hostname="sudheer-PC" name="Actions.spice_About" tests="1" failures="0" timestamp="14 Jul 2015 08:55:39 GMT" time="6.881" errors="0">
  <testcase name="spice" time="6.881" classname="Actions.spice_About"/>
</testsuite> <!-- Actions.spice_About -->
