<?xml version="1.0" encoding="UTF-8"?>
<!-- Generated by org.testng.reporters.JUnitReportReporter -->
<testsuite hostname="sudheer-PC" name="Test_ng.Ajax" tests="1" failures="0" timestamp="3 Aug 2015 13:36:08 GMT" time="3.601" errors="0">
  <testcase name="f" time="3.601" classname="Test_ng.Ajax"/>
</testsuite> <!-- Test_ng.Ajax -->
