<?xml version="1.0" encoding="UTF-8"?>
<!-- Generated by org.testng.reporters.JUnitReportReporter -->
<testsuite hostname="sudheer-PC" name="Actions.slik" tests="1" failures="0" timestamp="15 Jul 2015 07:02:26 GMT" time="66.437" errors="0">
  <testcase name="slikgrid" time="66.437" classname="Actions.slik"/>
</testsuite> <!-- Actions.slik -->
