<?xml version="1.0" encoding="UTF-8"?>
<!-- Generated by org.testng.reporters.JUnitReportReporter -->
<testsuite hostname="sudheer-PC" name="Datadriven.Spice_one" tests="1" failures="0" timestamp="24 Jul 2015 10:02:26 GMT" time="206.171" errors="0">
  <testcase name="spice" time="206.171" classname="Datadriven.Spice_one"/>
</testsuite> <!-- Datadriven.Spice_one -->
