<?xml version="1.0" encoding="UTF-8"?>
<!-- Generated by org.testng.reporters.JUnitReportReporter -->
<testsuite hostname="sudheer-PC" name="Test_ng.Mr_num" tests="1" failures="0" timestamp="29 Jul 2015 12:29:02 GMT" time="5.891" errors="0">
  <testcase name="f" time="5.891" classname="Test_ng.Mr_num"/>
</testsuite> <!-- Test_ng.Mr_num -->
