<?xml version="1.0" encoding="UTF-8"?>
<!-- Generated by org.testng.reporters.JUnitReportReporter -->
<testsuite hostname="sudheer-PC" name="sikuli.NewTest" tests="1" failures="0" timestamp="5 Jun 2015 11:17:11 GMT" time="2.891" errors="0">
  <testcase name="f" time="2.891" classname="sikuli.NewTest"/>
</testsuite> <!-- sikuli.NewTest -->
