<?xml version="1.0" encoding="UTF-8"?>
<!-- Generated by org.testng.reporters.JUnitReportReporter -->
<testsuite hostname="sudheer-PC" name="Examples_TestNg.Capture_screen_shot" tests="1" failures="0" timestamp="15 Jun 2015 09:29:50 GMT" time="3.168" errors="0">
  <testcase name="capture" time="3.168" classname="Examples_TestNg.Capture_screen_shot"/>
</testsuite> <!-- Examples_TestNg.Capture_screen_shot -->
