<?xml version="1.0" encoding="UTF-8"?>
<!-- Generated by org.testng.reporters.JUnitReportReporter -->
<testsuite hostname="sudheer-PC" name="Selenium_Testng.HMS_EX" tests="1" failures="0" timestamp="26 Jun 2015 14:33:11 GMT" time="4.895" errors="0">
  <testcase name="login" time="4.895" classname="Selenium_Testng.HMS_EX"/>
</testsuite> <!-- Selenium_Testng.HMS_EX -->
