<?xml version="1.0" encoding="UTF-8"?>
<!-- Generated by org.testng.reporters.JUnitReportReporter -->
<testsuite hostname="sudheer-PC" name="Data_driven.HMS" tests="1" failures="0" timestamp="6 Jul 2015 12:38:30 GMT" time="37.412" errors="0">
  <testcase name="HMS" time="37.412" classname="Data_driven.HMS"/>
</testsuite> <!-- Data_driven.HMS -->
