<?xml version="1.0" encoding="UTF-8"?>
<!-- Generated by org.testng.reporters.JUnitReportReporter -->
<testsuite hostname="sudheer-PC" name="Examples_TestNg.Adults_spice" tests="1" failures="0" timestamp="17 Jun 2015 09:43:34 GMT" time="1.960" errors="0">
  <testcase name="Adults" time="1.960" classname="Examples_TestNg.Adults_spice"/>
</testsuite> <!-- Examples_TestNg.Adults_spice -->
