<?xml version="1.0" encoding="UTF-8"?>
<!-- Generated by org.testng.reporters.JUnitReportReporter -->
<testsuite hostname="sudheer-PC" name="Io_stream.gmail_retest" tests="1" failures="0" timestamp="28 Jun 2015 15:26:22 GMT" time="46.940" errors="0">
  <testcase name="gmail" time="46.940" classname="Io_stream.gmail_retest"/>
</testsuite> <!-- Io_stream.gmail_retest -->
