<?xml version="1.0" encoding="UTF-8"?>
<!-- Generated by org.testng.reporters.JUnitReportReporter -->
<testsuite hostname="sudheer-PC" name="Examples_TestNg.slickgrid" tests="1" failures="0" timestamp="24 Jun 2015 09:39:53 GMT" time="121.690" errors="0">
  <testcase name="f" time="121.690" classname="Examples_TestNg.slickgrid"/>
</testsuite> <!-- Examples_TestNg.slickgrid -->
