<?xml version="1.0" encoding="UTF-8"?>
<!-- Generated by org.testng.reporters.JUnitReportReporter -->
<testsuite hostname="sudheer-PC" name="Jenkins.NewTest" tests="1" failures="0" timestamp="6 Jul 2015 13:00:30 GMT" time="0.026" errors="0">
  <testcase name="f" time="0.026" classname="Jenkins.NewTest"/>
</testsuite> <!-- Jenkins.NewTest -->
