<?xml version="1.0" encoding="UTF-8"?>
<!-- Generated by org.testng.reporters.JUnitReportReporter -->
<testsuite hostname="sudheer-PC" name="Data_driven.Spicejet_oneway_driven" tests="1" failures="0" timestamp="6 Jul 2015 12:38:30 GMT" time="47.973" errors="0">
  <testcase name="oneway" time="47.973" classname="Data_driven.Spicejet_oneway_driven"/>
</testsuite> <!-- Data_driven.Spicejet_oneway_driven -->
