<?xml version="1.0" encoding="UTF-8"?>
<!-- Generated by org.testng.reporters.JUnitReportReporter -->
<testsuite hostname="sudheer-PC" name="Io_stream.Resting_and_result" tests="1" failures="0" timestamp="6 Jun 2015 18:42:24 GMT" time="72.795" errors="0">
  <testcase name="f" time="72.795" classname="Io_stream.Resting_and_result"/>
</testsuite> <!-- Io_stream.Resting_and_result -->
