<?xml version="1.0" encoding="UTF-8"?>
<!-- Generated by org.testng.reporters.JUnitReportReporter -->
<testsuite hostname="sudheer-PC" name="Io_stream.OR_IO_Stream" tests="2" failures="0" timestamp="17 Aug 2015 03:11:03 GMT" time="7.816" errors="0">
  <testcase name="logout" time="0.437" classname="Io_stream.OR_IO_Stream"/>
  <testcase name="OR_ObjectRepositry" time="7.379" classname="Io_stream.OR_IO_Stream"/>
</testsuite> <!-- Io_stream.OR_IO_Stream -->
