<?xml version="1.0" encoding="UTF-8"?>
<!-- Generated by org.testng.reporters.JUnitReportReporter -->
<testsuite hostname="sudheer-PC" name="Selenium_Testng.Hms_Task_Testng" tests="1" failures="0" timestamp="2 Jun 2015 02:40:22 GMT" time="46.282" errors="0">
  <testcase name="f" time="46.282" classname="Selenium_Testng.Hms_Task_Testng"/>
</testsuite> <!-- Selenium_Testng.Hms_Task_Testng -->
