<?xml version="1.0" encoding="UTF-8"?>
<!-- Generated by org.testng.reporters.JUnitReportReporter -->
<testsuite hostname="sudheer-PC" name="Selenium_Testng.HMS_AJAX" tests="3" failures="0" timestamp="2 Jun 2015 03:00:28 GMT" time="15.404" errors="0">
  <testcase name="f" time="3.532" classname="Selenium_Testng.HMS_AJAX"/>
  <testcase name="averifyLogin" time="8.153" classname="Selenium_Testng.HMS_AJAX"/>
  <testcase name="bverifyRegistration" time="3.719" classname="Selenium_Testng.HMS_AJAX"/>
</testsuite> <!-- Selenium_Testng.HMS_AJAX -->
