<?xml version="1.0" encoding="UTF-8"?>
<!-- Generated by org.testng.reporters.JUnitReportReporter -->
<testsuite hostname="sudheer-PC" name="Data_driven.spicejet_round_driven" tests="1" failures="0" timestamp="6 Jul 2015 12:38:30 GMT" time="63.093" errors="0">
  <testcase name="f" time="63.093" classname="Data_driven.spicejet_round_driven"/>
</testsuite> <!-- Data_driven.spicejet_round_driven -->
