<?xml version="1.0" encoding="UTF-8"?>
<!-- Generated by org.testng.reporters.JUnitReportReporter -->
<testsuite hostname="sudheer-PC" name="Examples_TestNg.hms_printall_links" tests="1" failures="0" timestamp="2 Jul 2015 11:33:16 GMT" time="42.867" errors="0">
  <testcase name="printalllinks" time="42.867" classname="Examples_TestNg.hms_printall_links"/>
</testsuite> <!-- Examples_TestNg.hms_printall_links -->
