<?xml version="1.0" encoding="UTF-8"?>
<!-- Generated by org.testng.reporters.JUnitReportReporter -->
<testsuite hostname="sudheer-PC" name="Examples_TestNg.HMS_alret" tests="1" failures="0" timestamp="15 Jun 2015 10:30:47 GMT" time="35.200" errors="0">
  <testcase name="alert" time="35.200" classname="Examples_TestNg.HMS_alret"/>
</testsuite> <!-- Examples_TestNg.HMS_alret -->
