<?xml version="1.0" encoding="UTF-8"?>
<!-- Generated by org.testng.reporters.JUnitReportReporter -->
<testsuite hostname="sudheer-PC" name="Io_stream.Actions_mouse" tests="1" failures="0" timestamp="28 Jun 2015 17:08:20 GMT" time="0.047" errors="0">
  <testcase name="g" time="0.047" classname="Io_stream.Actions_mouse"/>
</testsuite> <!-- Io_stream.Actions_mouse -->
