<?xml version="1.0" encoding="UTF-8"?>
<!-- Generated by org.testng.reporters.JUnitReportReporter -->
<testsuite hostname="sudheer-PC" name="Examples_TestNg.HMS_Popup" tests="2" failures="0" timestamp="23 Jun 2015 09:38:54 GMT" time="38.225" errors="0">
  <testcase name="feedback" time="5.872" classname="Examples_TestNg.HMS_Popup"/>
  <testcase name="popup" time="32.353" classname="Examples_TestNg.HMS_Popup"/>
</testsuite> <!-- Examples_TestNg.HMS_Popup -->
