<?xml version="1.0" encoding="UTF-8"?>
<!-- Generated by org.testng.reporters.JUnitReportReporter -->
<testsuite hostname="sudheer-PC" name="Selenium_Testng.print_allLinks_txt_butt_rbutt_check" tests="1" failures="0" timestamp="2 Jun 2015 10:43:28 GMT" time="14.562" errors="0">
  <testcase name="g" time="14.562" classname="Selenium_Testng.print_allLinks_txt_butt_rbutt_check"/>
</testsuite> <!-- Selenium_Testng.print_allLinks_txt_butt_rbutt_check -->
