<?xml version="1.0" encoding="UTF-8"?>
<!-- Generated by org.testng.reporters.JUnitReportReporter -->
<testsuite hostname="sudheer-PC" name="Examples_TestNg.Bugzilla_log" tests="1" failures="0" timestamp="15 Jul 2015 12:10:44 GMT" time="27.152" errors="0">
  <testcase name="Bugzilla" time="27.152" classname="Examples_TestNg.Bugzilla_log"/>
</testsuite> <!-- Examples_TestNg.Bugzilla_log -->
