<?xml version="1.0" encoding="UTF-8"?>
<!-- Generated by org.testng.reporters.JUnitReportReporter -->
<testsuite hostname="sudheer-PC" name="Selenium_Testng.GetFirstselect_testng" tests="1" failures="0" timestamp="17 Jun 2015 09:42:21 GMT" time="1.934" errors="0">
  <testcase name="f" time="1.934" classname="Selenium_Testng.GetFirstselect_testng"/>
</testsuite> <!-- Selenium_Testng.GetFirstselect_testng -->
