<?xml version="1.0" encoding="UTF-8"?>
<!-- Generated by org.testng.reporters.JUnitReportReporter -->
<testsuite hostname="sudheer-PC" name="Data_driven.ex1" tests="1" failures="0" timestamp="9 Jun 2015 18:27:47 GMT" time="44.284" errors="0">
  <testcase name="f" time="44.284" classname="Data_driven.ex1"/>
</testsuite> <!-- Data_driven.ex1 -->
