<?xml version="1.0" encoding="UTF-8"?>
<!-- Generated by org.testng.reporters.JUnitReportReporter -->
<testsuite hostname="sudheer-PC" name="Examples_TestNg.HMS_printmanditoryfields" tests="1" failures="0" timestamp="3 Jul 2015 06:52:59 GMT" time="2.931" errors="0">
  <testcase name="manditory" time="2.931" classname="Examples_TestNg.HMS_printmanditoryfields"/>
</testsuite> <!-- Examples_TestNg.HMS_printmanditoryfields -->
