<?xml version="1.0" encoding="UTF-8"?>
<!-- Generated by org.testng.reporters.JUnitReportReporter -->
<testsuite hostname="sudheer-PC" name="Examples_TestNg.List_type_printalllinks" tests="1" failures="0" timestamp="16 Jun 2015 10:22:10 GMT" time="0.595" errors="0">
  <testcase name="pritalllinks" time="0.595" classname="Examples_TestNg.List_type_printalllinks"/>
</testsuite> <!-- Examples_TestNg.List_type_printalllinks -->
