<?xml version="1.0" encoding="UTF-8"?>
<!-- Generated by org.testng.reporters.JUnitReportReporter -->
<testsuite hostname="sudheer-PC" name="Examples_TestNg.data_driven" tests="1" failures="0" timestamp="18 Jun 2015 10:43:36 GMT" time="120.199" errors="0">
  <testcase name="datadriven" time="120.199" classname="Examples_TestNg.data_driven"/>
</testsuite> <!-- Examples_TestNg.data_driven -->
