<?xml version="1.0" encoding="UTF-8"?>
<!-- Generated by org.testng.reporters.JUnitReportReporter -->
<testsuite hostname="sudheer-PC" name="Examples_TestNg.parintall_drop_text_bu_radio_ch_link" tests="1" failures="0" timestamp="17 Jun 2015 09:09:12 GMT" time="38.884" errors="0">
  <testcase name="printall" time="38.884" classname="Examples_TestNg.parintall_drop_text_bu_radio_ch_link"/>
</testsuite> <!-- Examples_TestNg.parintall_drop_text_bu_radio_ch_link -->
