<?xml version="1.0" encoding="UTF-8"?>
<!-- Generated by org.testng.reporters.JUnitReportReporter -->
<testsuite hostname="sudheer-PC" name="Examples_TestNg.capture_links" tests="1" failures="0" timestamp="29 Jun 2015 13:14:03 GMT" time="16.528" errors="0">
  <testcase name="screenshot" time="16.528" classname="Examples_TestNg.capture_links"/>
</testsuite> <!-- Examples_TestNg.capture_links -->
