<?xml version="1.0" encoding="UTF-8"?>
<!-- Generated by org.testng.reporters.JUnitReportReporter -->
<testsuite hostname="sudheer-PC" name="Examples_TestNg.Hms_ajax" tests="3" failures="0" timestamp="2 Jul 2015 04:48:01 GMT" time="34.968" errors="0">
  <testcase name="pr" time="19.975" classname="Examples_TestNg.Hms_ajax"/>
  <testcase name="f" time="3.665" classname="Examples_TestNg.Hms_ajax"/>
  <testcase name="slert" time="11.328" classname="Examples_TestNg.Hms_ajax"/>
</testsuite> <!-- Examples_TestNg.Hms_ajax -->
