<?xml version="1.0" encoding="UTF-8"?>
<!-- Generated by org.testng.reporters.JUnitReportReporter -->
<testsuite hostname="sudheer-PC" name="Examples_TestNg.HMS_Ajaxcontrol" tests="1" failures="0" timestamp="16 Jun 2015 09:51:01 GMT" time="5.270" errors="0">
  <testcase name="Ajaxcontrol" time="5.270" classname="Examples_TestNg.HMS_Ajaxcontrol"/>
</testsuite> <!-- Examples_TestNg.HMS_Ajaxcontrol -->
