<?xml version="1.0" encoding="UTF-8"?>
<!-- Generated by org.testng.reporters.JUnitReportReporter -->
<testsuite hostname="sudheer-PC" name="Selenium_Testng.Gmail_Create" tests="1" failures="0" timestamp="2 Jun 2015 11:27:17 GMT" time="53.458" errors="0">
  <testcase name="f" time="53.458" classname="Selenium_Testng.Gmail_Create"/>
</testsuite> <!-- Selenium_Testng.Gmail_Create -->
