<?xml version="1.0" encoding="UTF-8"?>
<!-- Generated by org.testng.reporters.JUnitReportReporter -->
<testsuite hostname="sudheer-PC" name="Examples_TestNg.java_poli_reverse_ex" tests="1" failures="0" timestamp="30 Jun 2015 09:56:25 GMT" time="0.025" errors="0">
  <testcase name="f" time="0.025" classname="Examples_TestNg.java_poli_reverse_ex"/>
</testsuite> <!-- Examples_TestNg.java_poli_reverse_ex -->
