<?xml version="1.0" encoding="UTF-8"?>
<!-- Generated by org.testng.reporters.JUnitReportReporter -->
<testsuite hostname="sudheer-PC" name="Io_stream.frist_Io_stream" tests="1" failures="0" timestamp="6 Jun 2015 14:44:33 GMT" time="9.102" errors="0">
  <testcase name="login_txt" time="9.102" classname="Io_stream.frist_Io_stream"/>
</testsuite> <!-- Io_stream.frist_Io_stream -->
