<?xml version="1.0" encoding="UTF-8"?>
<!-- Generated by org.testng.reporters.JUnitReportReporter -->
<testsuite hostname="sudheer-PC" name="Jenkins.Sample" tests="1" failures="0" timestamp="6 Jul 2015 12:50:42 GMT" time="0.030" errors="0">
  <testcase name="f" time="0.030" classname="Jenkins.Sample"/>
</testsuite> <!-- Jenkins.Sample -->
