<?xml version="1.0" encoding="UTF-8"?>
<!-- Generated by org.testng.reporters.JUnitReportReporter -->
<testsuite hostname="sudheer-PC" name="Com.hms1.hms_rg" tests="1" failures="0" timestamp="16 Jul 2015 05:43:18 GMT" time="12.525" errors="0">
  <testcase name="RG" time="12.525" classname="Com.hms1.hms_rg"/>
</testsuite> <!-- Com.hms1.hms_rg -->
